#
# A fatal error has been detected by the Java Runtime Environment:
#
#  EXCEPTION_ACCESS_VIOLATION (0xc0000005) at pc=0x00007ffab403f3b2, pid=15876, tid=0x0000000000001248
#
# JRE version: Java(TM) SE Runtime Environment (8.0_144-b01) (build 1.8.0_144-b01)
# Java VM: Java HotSpot(TM) 64-Bit Server VM (25.144-b01 mixed mode windows-amd64 compressed oops)
# Problematic frame:
# C  [msvcrt.dll+0x4f3b2]
#
# Failed to write core dump. Minidumps are not enabled by default on client versions of Windows
#
# If you would like to submit a bug report, please visit:
#   http://bugreport.java.com/bugreport/crash.jsp
# The crash happened outside the Java Virtual Machine in native code.
# See problematic frame for where to report the bug.
#

---------------  T H R E A D  ---------------

Current thread (0x00000000279db800):  JavaThread "Thread-0" daemon [_thread_in_native, id=4680, stack(0x0000000028680000,0x0000000028780000)]

siginfo: ExceptionCode=0xc0000005, reading address 0x00000000000007d0

Registers:
RAX=0x0000000000000000, RBX=0x00007ffab407f030, RCX=0x0000000000000001, RDX=0xffffffffffffffff
RSP=0x000000002877f1b0, RBP=0x000000002877f2b0, RSI=0x0000000000000000, RDI=0x000000002877f508
R8 =0x0000000000b70b58, R9 =0x00007ffab3ff0000, R10=0x0000000000000000, R11=0x0000000000000246
R12=0x0000000000000000, R13=0x000000002877f508, R14=0x0000000000000000, R15=0x00000000000007d0
RIP=0x00007ffab403f3b2, EFLAGS=0x0000000000010202

Top of Stack: (sp=0x000000002877f1b0)
0x000000002877f1b0:   0000000000000000 0000000000bc0000
0x000000002877f1c0:   00000000000002d0 0000000000b80cc0
0x000000002877f1d0:   000000000000000d 00007ffab41274a8
0x000000002877f1e0:   00000000002c0008 00000000000002d0
0x000000002877f1f0:   0000000000000008 00007ffa00000000
0x000000002877f200:   0000000000000000 0000000000000000
0x000000002877f210:   0000000000000000 00007ffab407f030
0x000000002877f220:   000000000000002d 00007ffab41274a8
0x000000002877f230:   000000002877f330 000000006ea06638
0x000000002877f240:   00007ffab407f3d0 0000000000b74730
0x000000002877f250:   0000000000b7bd70 0000000000000001
0x000000002877f260:   0000000000000001 000000006e7e9575
0x000000002877f270:   0000043075f08b8f 0000000000000001
0x000000002877f280:   0000000000000000 00007ffab0ed0000
0x000000002877f290:   000000002798ce20 000000006e7ecb66
0x000000002877f2a0:   00000000278be378 000000000299d4e0 

Instructions: (pc=0x00007ffab403f3b2)
0x00007ffab403f392:   c1 a0 45 09 00 41 f6 40 0c 08 0f 85 63 ff ff ff
0x00007ffab403f3a2:   48 83 ca ff 45 33 d2 4d 85 ff 0f 84 53 ff ff ff
0x00007ffab403f3b2:   41 8a 3f 45 8b f2 44 89 54 24 40 45 8b c2 44 89
0x00007ffab403f3c2:   54 24 44 4c 89 54 24 78 40 84 ff 0f 84 a0 08 00 


Register to memory mapping:

RAX=0x0000000000000000 is an unknown value
RBX=0x00007ffab407f030 is an unknown value
RCX=0x0000000000000001 is an unknown value
RDX=0xffffffffffffffff is an unknown value
RSP=0x000000002877f1b0 is pointing into the stack for thread: 0x00000000279db800
RBP=0x000000002877f2b0 is pointing into the stack for thread: 0x00000000279db800
RSI=0x0000000000000000 is an unknown value
RDI=0x000000002877f508 is pointing into the stack for thread: 0x00000000279db800
R8 =0x0000000000b70b58 is an unknown value
R9 =0x00007ffab3ff0000 is an unknown value
R10=0x0000000000000000 is an unknown value
R11=0x0000000000000246 is an unknown value
R12=0x0000000000000000 is an unknown value
R13=0x000000002877f508 is pointing into the stack for thread: 0x00000000279db800
R14=0x0000000000000000 is an unknown value
R15=0x00000000000007d0 is an unknown value


Stack: [0x0000000028680000,0x0000000028780000],  sp=0x000000002877f1b0,  free space=1020k
Native frames: (J=compiled Java code, j=interpreted, Vv=VM code, C=native code)
C  [msvcrt.dll+0x4f3b2]
C  [msvcrt.dll+0x489c2]
C  [StackTrace.dll+0x179f]
V  [jvm.dll+0x1bd948]
V  [jvm.dll+0x24524f]
V  [jvm.dll+0x29ca6a]
C  [msvcr100.dll+0x21d9f]
C  [msvcr100.dll+0x21e3b]
C  [KERNEL32.DLL+0x8364]
C  [ntdll.dll+0x65e91]


---------------  P R O C E S S  ---------------

Java Threads: ( => current thread )
=>0x00000000279db800 JavaThread "Thread-0" daemon [_thread_in_native, id=4680, stack(0x0000000028680000,0x0000000028780000)]
  0x0000000027956800 JavaThread "Service Thread" daemon [_thread_blocked, id=11532, stack(0x0000000028480000,0x0000000028580000)]
  0x00000000278bf000 JavaThread "C1 CompilerThread3" daemon [_thread_blocked, id=14796, stack(0x0000000028380000,0x0000000028480000)]
  0x00000000278bd000 JavaThread "C2 CompilerThread2" daemon [_thread_blocked, id=2088, stack(0x0000000028280000,0x0000000028380000)]
  0x00000000278bb000 JavaThread "C2 CompilerThread1" daemon [_thread_blocked, id=12884, stack(0x0000000028180000,0x0000000028280000)]
  0x00000000278c6000 JavaThread "C2 CompilerThread0" daemon [_thread_blocked, id=11944, stack(0x0000000028080000,0x0000000028180000)]
  0x00000000278c5000 JavaThread "Attach Listener" daemon [_thread_blocked, id=12796, stack(0x0000000027f80000,0x0000000028080000)]
  0x00000000259ce800 JavaThread "Signal Dispatcher" daemon [_thread_blocked, id=17888, stack(0x0000000027e80000,0x0000000027f80000)]
  0x0000000002a49000 JavaThread "Finalizer" daemon [_thread_blocked, id=13912, stack(0x0000000027c90000,0x0000000027d90000)]
  0x0000000002a48000 JavaThread "Reference Handler" daemon [_thread_blocked, id=16432, stack(0x0000000027790000,0x0000000027890000)]
  0x00000000028fe000 JavaThread "main" [_thread_blocked, id=12176, stack(0x00000000027e0000,0x00000000028e0000)]

Other Threads:
  0x00000000259ba000 VMThread [stack: 0x0000000027690000,0x0000000027790000] [id=18020]
  0x00000000278e9000 WatcherThread [stack: 0x0000000028580000,0x0000000028680000] [id=16736]

VM state:not at safepoint (normal execution)

VM Mutex/Monitor currently owned by a thread: None

Heap:
 PSYoungGen      total 152576K, used 5242K [0x0000000716400000, 0x0000000720e00000, 0x00000007c0000000)
  eden space 131072K, 4% used [0x0000000716400000,0x000000071691eba8,0x000000071e400000)
  from space 21504K, 0% used [0x000000071f900000,0x000000071f900000,0x0000000720e00000)
  to   space 21504K, 0% used [0x000000071e400000,0x000000071e400000,0x000000071f900000)
 ParOldGen       total 348160K, used 0K [0x00000005c2c00000, 0x00000005d8000000, 0x0000000716400000)
  object space 348160K, 0% used [0x00000005c2c00000,0x00000005c2c00000,0x00000005d8000000)
 Metaspace       used 2660K, capacity 4490K, committed 4864K, reserved 1056768K
  class space    used 288K, capacity 386K, committed 512K, reserved 1048576K

Card table byte_map: [0x0000000011e10000,0x0000000012e00000] byte_map_base: 0x000000000effa000

Marking Bits: (ParMarkBitMap*) 0x000000006ef8d850
 Begin Bits: [0x00000000140a0000, 0x000000001bff0000)
 End Bits:   [0x000000001bff0000, 0x0000000023f40000)

Polling page: 0x0000000000b40000

CodeCache: size=245760Kb used=1109Kb max_used=1116Kb free=244650Kb
 bounds [0x0000000002a50000, 0x0000000002cc0000, 0x0000000011a50000]
 total_blobs=260 nmethods=28 adapters=146
 compilation: enabled

Compilation events (10 events):
Event: 0.145 Thread 0x00000000278bf000 nmethod 22 0x0000000002b62990 code [0x0000000002b62b40, 0x0000000002b62f78]
Event: 0.145 Thread 0x00000000278bf000   20       3       java.lang.String::indexOf (7 bytes)
Event: 0.145 Thread 0x00000000278bf000 nmethod 20 0x0000000002b63190 code [0x0000000002b63300, 0x0000000002b63508]
Event: 0.145 Thread 0x00000000278bf000   26       3       java.lang.AbstractStringBuilder::append (50 bytes)
Event: 0.145 Thread 0x00000000278bf000 nmethod 26 0x0000000002b63590 code [0x0000000002b63760, 0x0000000002b63eb8]
Event: 0.145 Thread 0x00000000278bb000 nmethod 25 0x0000000002b66e90 code [0x0000000002b66fe0, 0x0000000002b670b8]
Event: 0.149 Thread 0x00000000278bf000   27       3       java.lang.StringBuilder::append (8 bytes)
Event: 0.149 Thread 0x00000000278bf000 nmethod 27 0x0000000002b66310 code [0x0000000002b66480, 0x0000000002b66608]
Event: 0.151 Thread 0x00000000278bf000   28       3       java.lang.System::getSecurityManager (4 bytes)
Event: 0.151 Thread 0x00000000278bf000 nmethod 28 0x0000000002b65e10 code [0x0000000002b65f60, 0x0000000002b660b0]

GC Heap History (0 events):
No events

Deoptimization events (0 events):
No events

Internal exceptions (2 events):
Event: 0.069 Thread 0x00000000028fe000 Exception <a 'java/lang/NoSuchMethodError': Method sun.misc.Unsafe.defineClass(Ljava/lang/String;[BII)Ljava/lang/Class; name or signature does not match> (0x0000000716407ca8) thrown at [C:\re\workspace\8-2-build-windows-amd64-cygwin\jdk8u144\9417\hotspot\
Event: 0.069 Thread 0x00000000028fe000 Exception <a 'java/lang/NoSuchMethodError': Method sun.misc.Unsafe.prefetchRead(Ljava/lang/Object;J)V name or signature does not match> (0x0000000716407f90) thrown at [C:\re\workspace\8-2-build-windows-amd64-cygwin\jdk8u144\9417\hotspot\src\share\vm\prims

Events (10 events):
Event: 0.150 loading class java/util/concurrent/ConcurrentHashMap$ForwardingNode done
Event: 0.151 Executing VM operation: GetAllStackTraces
Event: 0.151 Executing VM operation: GetAllStackTraces done
Event: 0.151 loading class java/nio/DirectByteBuffer$Deallocator
Event: 0.151 loading class java/nio/DirectByteBuffer$Deallocator done
Event: 0.151 loading class java/nio/DirectIntBufferU
Event: 0.151 loading class java/nio/DirectIntBufferU done
Event: 0.151 Thread 0x00000000279db800 Thread added: 0x00000000279db800
Event: 0.152 Executing VM operation: GetAllStackTraces
Event: 0.152 Executing VM operation: GetAllStackTraces done


Dynamic libraries:
0x00007ff7941a0000 - 0x00007ff7941d7000 	C:\Program Files\Java\jdk1.8.0_144\bin\java.exe
0x00007ffab40f0000 - 0x00007ffab42c1000 	C:\Windows\SYSTEM32\ntdll.dll
0x00007ffab3210000 - 0x00007ffab32bb000 	C:\Windows\System32\KERNEL32.DLL
0x00007ffab0880000 - 0x00007ffab0a9d000 	C:\Windows\System32\KERNELBASE.dll
0x00007ffab3ce0000 - 0x00007ffab3d82000 	C:\Windows\System32\ADVAPI32.dll
0x00007ffab3ff0000 - 0x00007ffab408e000 	C:\Windows\System32\msvcrt.dll
0x00007ffab31b0000 - 0x00007ffab3209000 	C:\Windows\System32\sechost.dll
0x00007ffab3380000 - 0x00007ffab34a1000 	C:\Windows\System32\RPCRT4.dll
0x00007ffab1b30000 - 0x00007ffab1c95000 	C:\Windows\System32\USER32.dll
0x00007ffab1660000 - 0x00007ffab167e000 	C:\Windows\System32\win32u.dll
0x00007ffab3af0000 - 0x00007ffab3b24000 	C:\Windows\System32\GDI32.dll
0x00007ffab06f0000 - 0x00007ffab0872000 	C:\Windows\System32\gdi32full.dll
0x00007ffaa1870000 - 0x00007ffaa1ae9000 	C:\Windows\WinSxS\amd64_microsoft.windows.common-controls_6595b64144ccf1df_6.0.14393.0_none_2d0f50fcbdb171b8\COMCTL32.dll
0x00007ffab35c0000 - 0x00007ffab3887000 	C:\Windows\System32\combase.dll
0x00007ffab0aa0000 - 0x00007ffab0b95000 	C:\Windows\System32\ucrtbase.dll
0x00007ffab0680000 - 0x00007ffab06ea000 	C:\Windows\System32\bcryptPrimitives.dll
0x00007ffab3e20000 - 0x00007ffab3e4e000 	C:\Windows\System32\IMM32.DLL
0x000000006f300000 - 0x000000006f3d2000 	C:\Program Files\Java\jdk1.8.0_144\jre\bin\msvcr100.dll
0x000000006e770000 - 0x000000006f00d000 	C:\Program Files\Java\jdk1.8.0_144\jre\bin\server\jvm.dll
0x00007ffab1690000 - 0x00007ffab1698000 	C:\Windows\System32\PSAPI.DLL
0x00007ffa9e130000 - 0x00007ffa9e139000 	C:\Windows\SYSTEM32\WSOCK32.dll
0x00007ffaae600000 - 0x00007ffaae623000 	C:\Windows\SYSTEM32\WINMM.dll
0x00007ffaad110000 - 0x00007ffaad11a000 	C:\Windows\SYSTEM32\VERSION.dll
0x00007ffab3d90000 - 0x00007ffab3dfa000 	C:\Windows\System32\WS2_32.dll
0x00000000027b0000 - 0x00000000027db000 	C:\Windows\SYSTEM32\WINMMBASE.dll
0x00007ffab0e80000 - 0x00007ffab0ec2000 	C:\Windows\System32\cfgmgr32.dll
0x000000006f2f0000 - 0x000000006f2ff000 	C:\Program Files\Java\jdk1.8.0_144\jre\bin\verify.dll
0x000000006f2c0000 - 0x000000006f2e9000 	C:\Program Files\Java\jdk1.8.0_144\jre\bin\java.dll
0x0000000067740000 - 0x000000006779a000 	C:\Users\agd\jvmtiStackTraceTest\jvmtiStackTrace2\StackTrace.dll
0x000000006f2a0000 - 0x000000006f2b6000 	C:\Program Files\Java\jdk1.8.0_144\jre\bin\zip.dll
0x00007ffab1ca0000 - 0x00007ffab31a8000 	C:\Windows\System32\SHELL32.dll
0x00007ffab0f80000 - 0x00007ffab165a000 	C:\Windows\System32\windows.storage.dll
0x00007ffab0610000 - 0x00007ffab065c000 	C:\Windows\System32\powrprof.dll
0x00007ffab4090000 - 0x00007ffab40e2000 	C:\Windows\System32\shlwapi.dll
0x00007ffab0600000 - 0x00007ffab060f000 	C:\Windows\System32\kernel.appcore.dll
0x00007ffab0ed0000 - 0x00007ffab0f79000 	C:\Windows\System32\shcore.dll
0x00007ffab0660000 - 0x00007ffab0674000 	C:\Windows\System32\profapi.dll
0x00007ffa9df40000 - 0x00007ffa9e0d2000 	C:\Windows\SYSTEM32\dbghelp.dll

VM Arguments:
jvm_args: -agentpath:C:/Users/agd/jvmtiStackTraceTest/jvmtiStackTrace2/StackTrace.dll 
java_command: StackTrace
java_class_path (initial): .
Launcher Type: SUN_STANDARD

Environment Variables:
PATH=C:\cygwin64\usr\local\bin;C:\cygwin64\bin;C:\Windows\system32;C:\Windows;C:\Windows\System32\Wbem;C:\Windows\System32\WindowsPowerShell\v1.0;C:\Windows\SysWOW64\Empirum;C:\Program Files\Intel\WiFi\bin;C:\Program Files\Common Files\Intel\WirelessCommon;C:\Program Files (x86)\NVIDIA Corporation\PhysX\Common;%SPRING_HOME%\bin;C:\Program Files\Git\cmd;C:\Program Files\Java\jdk1.8.0_144\bin;C:\Program Files\TortoiseSVN\bin;C:\cygwin64\bin;C:\Program Files (x86)\mingw-w64\i686-7.2.0-posix-dwarf-rt_v5-rev1\mingw32\bin;C:\Users\agd\AppData\Local\Microsoft\WindowsApps;C:\Program Files\Intel\WiFi\bin;C:\Program Files\Common Files\Intel\WirelessCommon;C:\Users\agd\apache-maven\apache-maven-3.5.0\bin;C:\Users\agd\Downloads\spring-1.5.6.RELEASE\bin;C:\Program Files (x86)\Sophos\Sophos SSL VPN Client\bin
USERNAME=agd
SHELL=/bin/bash
OS=Windows_NT
PROCESSOR_IDENTIFIER=Intel64 Family 6 Model 94 Stepping 3, GenuineIntel



---------------  S Y S T E M  ---------------

OS: Windows 10.0 , 64 bit Build 14393 (10.0.14393.0)

CPU:total 8 (initial active 8) (4 cores per cpu, 2 threads per core) family 6 model 94 stepping 3, cmov, cx8, fxsr, mmx, sse, sse2, sse3, ssse3, sse4.1, sse4.2, popcnt, avx, avx2, aes, clmul, erms, rtm, 3dnowpref, lzcnt, ht, tsc, tscinvbit, bmi1, bmi2, adx

Memory: 4k page, physical 33368928k(19521496k free), swap 38349664k(21714308k free)

vm_info: Java HotSpot(TM) 64-Bit Server VM (25.144-b01) for windows-amd64 JRE (1.8.0_144-b01), built on Jul 21 2017 21:57:33 by "java_re" with MS VC++ 10.0 (VS2010)

time: Thu Feb 01 13:55:59 2018
elapsed time: 2 seconds (0d 0h 0m 2s)

