#
# A fatal error has been detected by the Java Runtime Environment:
#
#  EXCEPTION_ACCESS_VIOLATION (0xc0000005) at pc=0x000000006e4aab18, pid=15668, tid=0x0000000000002b7c
#
# JRE version: Java(TM) SE Runtime Environment (8.0_144-b01) (build 1.8.0_144-b01)
# Java VM: Java HotSpot(TM) 64-Bit Server VM (25.144-b01 mixed mode windows-amd64 compressed oops)
# Problematic frame:
# V  [jvm.dll+0x12ab18]
#
# Failed to write core dump. Minidumps are not enabled by default on client versions of Windows
#
# If you would like to submit a bug report, please visit:
#   http://bugreport.java.com/bugreport/crash.jsp
#

---------------  T H R E A D  ---------------

Current thread (0x000000000269e000):  JavaThread "main" [_thread_in_vm, id=11132, stack(0x00000000024e0000,0x00000000025e0000)]

siginfo: ExceptionCode=0xc0000005, reading address 0x0000000000000005

Registers:
RAX=0x00000000025df001, RBX=0x000000000269e000, RCX=0x0000000000000005, RDX=0x0000000000000000
RSP=0x00000000025df040, RBP=0x0000000000000000, RSI=0x0000000002699310, RDI=0x0000000000000005
R8 =0x000000000269e000, R9 =0x0000000000000005, R10=0x0000000000000005, R11=0x000000006e5abc50
R12=0x00000000025df108, R13=0x0000000025080bf8, R14=0x00000000025df1c8, R15=0x000000000269e000
RIP=0x000000006e4aab18, EFLAGS=0x0000000000010206

Top of Stack: (sp=0x00000000025df040)
0x00000000025df040:   00000000025df100 000000006e55bac7
0x00000000025df050:   00000000025df100 0000000067741527
0x00000000025df060:   000000000269e000 000000006e6cd7fb
0x00000000025df070:   0000000025080bf8 000000000269e000
0x00000000025df080:   000000000269e000 0000000002698040
0x00000000025df090:   0000000025080bf8 00000000025df1c8
0x00000000025df0a0:   000000000269e000 0000000000000000
0x00000000025df0b0:   0000000000000000 0000000000000000
0x00000000025df0c0:   0000000000000000 0000000067741577
0x00000000025df0d0:   0000000025080bf8 00000000025df120
0x00000000025df0e0:   0000000000000002 00000000027a7da0
0x00000000025df0f0:   0000000000000000 00000000027b7e06
0x00000000025df100:   00000000025df500 000000000269e000
0x00000000025df110:   0000000025080bf8 0000000000000002
0x00000000025df120:   00000000025df1a0 00000000027b7f74
0x00000000025df130:   000000000269e1f8 00000000025df1c8 

Instructions: (pc=0x000000006e4aab18)
0x000000006e4aaaf8:   cc cc cc cc cc cc cc cc 48 83 ec 28 4c 8b c9 48
0x000000006e4aab08:   85 c9 75 07 33 c0 48 83 c4 28 c3 48 89 5c 24 20
0x000000006e4aab18:   48 8b 19 48 85 db 74 3f 48 8b 43 08 48 8b 48 08
0x000000006e4aab28:   48 8b 41 18 48 85 c0 74 2e 48 8b 80 90 00 00 00 


Register to memory mapping:

RAX=0x00000000025df001 is pointing into the stack for thread: 0x000000000269e000
RBX=0x000000000269e000 is a thread
RCX=0x0000000000000005 is an unknown value
RDX=0x0000000000000000 is an unknown value
RSP=0x00000000025df040 is pointing into the stack for thread: 0x000000000269e000
RBP=0x0000000000000000 is an unknown value
RSI=0x0000000002699310 is an unknown value
RDI=0x0000000000000005 is an unknown value
R8 =0x000000000269e000 is a thread
R9 =0x0000000000000005 is an unknown value
R10=0x0000000000000005 is an unknown value
R11=0x000000006e5abc50 is an unknown value
R12=0x00000000025df108 is pointing into the stack for thread: 0x000000000269e000
R13={method} {0x0000000025080c00} 'getMethodName' '(I)Ljava/lang/String;' in 'StackTrace'
R14=0x00000000025df1c8 is pointing into the stack for thread: 0x000000000269e000
R15=0x000000000269e000 is a thread


Stack: [0x00000000024e0000,0x00000000025e0000],  sp=0x00000000025df040,  free space=1020k
Native frames: (J=compiled Java code, j=interpreted, Vv=VM code, C=native code)

Java frames: (J=compiled Java code, j=interpreted, Vv=VM code)
j  StackTrace.getMethodName(I)Ljava/lang/String;+0
j  StackTrace.consume()V+279
j  StackTrace.run()V+197
j  StackTrace.main([Ljava/lang/String;)V+9
v  ~StubRoutines::call_stub

---------------  P R O C E S S  ---------------

Java Threads: ( => current thread )
  0x0000000027684800 JavaThread "Thread-0" daemon [_thread_in_native, id=16092, stack(0x0000000028330000,0x0000000028430000)]
  0x0000000027607800 JavaThread "Service Thread" daemon [_thread_blocked, id=14464, stack(0x0000000028130000,0x0000000028230000)]
  0x000000002757a800 JavaThread "C1 CompilerThread3" daemon [_thread_blocked, id=13012, stack(0x0000000028030000,0x0000000028130000)]
  0x0000000027570800 JavaThread "C2 CompilerThread2" daemon [_thread_blocked, id=2548, stack(0x0000000027f30000,0x0000000028030000)]
  0x000000002756e800 JavaThread "C2 CompilerThread1" daemon [_thread_blocked, id=16448, stack(0x0000000027e30000,0x0000000027f30000)]
  0x000000002756a000 JavaThread "C2 CompilerThread0" daemon [_thread_blocked, id=10416, stack(0x0000000027d30000,0x0000000027e30000)]
  0x0000000027569000 JavaThread "Attach Listener" daemon [_thread_blocked, id=15072, stack(0x0000000027c30000,0x0000000027d30000)]
  0x0000000027567000 JavaThread "Signal Dispatcher" daemon [_thread_blocked, id=16988, stack(0x0000000027b30000,0x0000000027c30000)]
  0x000000000279e000 JavaThread "Finalizer" daemon [_thread_blocked, id=14996, stack(0x0000000027940000,0x0000000027a40000)]
  0x0000000002797000 JavaThread "Reference Handler" daemon [_thread_blocked, id=8532, stack(0x0000000027440000,0x0000000027540000)]
=>0x000000000269e000 JavaThread "main" [_thread_in_vm, id=11132, stack(0x00000000024e0000,0x00000000025e0000)]

Other Threads:
  0x000000002566a000 VMThread [stack: 0x0000000027340000,0x0000000027440000] [id=2596]
  0x0000000027632800 WatcherThread [stack: 0x0000000028230000,0x0000000028330000] [id=1536]

VM state:not at safepoint (normal execution)

VM Mutex/Monitor currently owned by a thread: None

Heap:
 PSYoungGen      total 152576K, used 5242K [0x0000000716400000, 0x0000000720e00000, 0x00000007c0000000)
  eden space 131072K, 4% used [0x0000000716400000,0x000000071691eba8,0x000000071e400000)
  from space 21504K, 0% used [0x000000071f900000,0x000000071f900000,0x0000000720e00000)
  to   space 21504K, 0% used [0x000000071e400000,0x000000071e400000,0x000000071f900000)
 ParOldGen       total 348160K, used 0K [0x00000005c2c00000, 0x00000005d8000000, 0x0000000716400000)
  object space 348160K, 0% used [0x00000005c2c00000,0x00000005c2c00000,0x00000005d8000000)
 Metaspace       used 2805K, capacity 4490K, committed 4864K, reserved 1056768K
  class space    used 305K, capacity 386K, committed 512K, reserved 1048576K

Card table byte_map: [0x0000000011b60000,0x0000000012b50000] byte_map_base: 0x000000000ed4a000

Marking Bits: (ParMarkBitMap*) 0x000000006eb9d850
 Begin Bits: [0x0000000013df0000, 0x000000001bd40000)
 End Bits:   [0x000000001bd40000, 0x0000000023c90000)

Polling page: 0x0000000000ce0000

CodeCache: size=245760Kb used=1113Kb max_used=1114Kb free=244646Kb
 bounds [0x00000000027a0000, 0x0000000002a10000, 0x00000000117a0000]
 total_blobs=269 nmethods=30 adapters=153
 compilation: enabled

Compilation events (10 events):
Event: 0.125 Thread 0x000000002757a800   26       3       java.lang.StringBuilder::append (8 bytes)
Event: 0.125 Thread 0x000000002757a800 nmethod 26 0x00000000028b5e10 code [0x00000000028b5f80, 0x00000000028b6108]
Event: 2.148 Thread 0x000000002757a800   27       3       java.lang.System::getSecurityManager (4 bytes)
Event: 2.149 Thread 0x000000002757a800 nmethod 27 0x00000000028b56d0 code [0x00000000028b5820, 0x00000000028b5970]
Event: 2.151 Thread 0x000000002757a800   28       1       java.nio.Buffer::position (5 bytes)
Event: 2.152 Thread 0x000000002757a800 nmethod 28 0x00000000028b4790 code [0x00000000028b48e0, 0x00000000028b49f0]
Event: 2.153 Thread 0x000000002757a800   29       1       java.nio.Buffer::limit (5 bytes)
Event: 2.153 Thread 0x000000002757a800 nmethod 29 0x00000000028b44d0 code [0x00000000028b4620, 0x00000000028b4730]
Event: 2.153 Thread 0x000000002757a800   30       1       java.lang.String::length (6 bytes)
Event: 2.153 Thread 0x000000002757a800 nmethod 30 0x00000000028b41d0 code [0x00000000028b4320, 0x00000000028b4430]

GC Heap History (0 events):
No events

Deoptimization events (0 events):
No events

Internal exceptions (2 events):
Event: 0.072 Thread 0x000000000269e000 Exception <a 'java/lang/NoSuchMethodError': Method sun.misc.Unsafe.defineClass(Ljava/lang/String;[BII)Ljava/lang/Class; name or signature does not match> (0x0000000716407ca8) thrown at [C:\re\workspace\8-2-build-windows-amd64-cygwin\jdk8u144\9417\hotspot\
Event: 0.072 Thread 0x000000000269e000 Exception <a 'java/lang/NoSuchMethodError': Method sun.misc.Unsafe.prefetchRead(Ljava/lang/Object;J)V name or signature does not match> (0x0000000716407f90) thrown at [C:\re\workspace\8-2-build-windows-amd64-cygwin\jdk8u144\9417\hotspot\src\share\vm\prims

Events (10 events):
Event: 2.149 loading class java/util/Formatter$FormatSpecifier
Event: 2.150 loading class java/util/Formatter$FormatString
Event: 2.150 loading class java/util/Formatter$FormatString done
Event: 2.150 loading class java/util/Formatter$FormatSpecifier done
Event: 2.150 loading class java/util/Formatter$Flags
Event: 2.150 loading class java/util/Formatter$Flags done
Event: 2.151 loading class java/util/Formatter$Conversion
Event: 2.151 loading class java/util/Formatter$Conversion done
Event: 2.151 loading class java/util/Formatter$FixedString
Event: 2.151 loading class java/util/Formatter$FixedString done


Dynamic libraries:
0x00007ff7d2e10000 - 0x00007ff7d2e47000 	C:\Program Files\Java\jdk1.8.0_144\bin\java.exe
0x00007ffab40f0000 - 0x00007ffab42c1000 	C:\Windows\SYSTEM32\ntdll.dll
0x00007ffab3210000 - 0x00007ffab32bb000 	C:\Windows\System32\KERNEL32.DLL
0x00007ffab0880000 - 0x00007ffab0a9d000 	C:\Windows\System32\KERNELBASE.dll
0x00007ffab3ce0000 - 0x00007ffab3d82000 	C:\Windows\System32\ADVAPI32.dll
0x00007ffab3ff0000 - 0x00007ffab408e000 	C:\Windows\System32\msvcrt.dll
0x00007ffab31b0000 - 0x00007ffab3209000 	C:\Windows\System32\sechost.dll
0x00007ffab3380000 - 0x00007ffab34a1000 	C:\Windows\System32\RPCRT4.dll
0x00007ffab1b30000 - 0x00007ffab1c95000 	C:\Windows\System32\USER32.dll
0x00007ffab1660000 - 0x00007ffab167e000 	C:\Windows\System32\win32u.dll
0x00007ffab3af0000 - 0x00007ffab3b24000 	C:\Windows\System32\GDI32.dll
0x00007ffab06f0000 - 0x00007ffab0872000 	C:\Windows\System32\gdi32full.dll
0x00007ffaa1870000 - 0x00007ffaa1ae9000 	C:\Windows\WinSxS\amd64_microsoft.windows.common-controls_6595b64144ccf1df_6.0.14393.0_none_2d0f50fcbdb171b8\COMCTL32.dll
0x00007ffab35c0000 - 0x00007ffab3887000 	C:\Windows\System32\combase.dll
0x00007ffab0aa0000 - 0x00007ffab0b95000 	C:\Windows\System32\ucrtbase.dll
0x00007ffab0680000 - 0x00007ffab06ea000 	C:\Windows\System32\bcryptPrimitives.dll
0x00007ffab3e20000 - 0x00007ffab3e4e000 	C:\Windows\System32\IMM32.DLL
0x000000006f300000 - 0x000000006f3d2000 	C:\Program Files\Java\jdk1.8.0_144\jre\bin\msvcr100.dll
0x000000006e380000 - 0x000000006ec1d000 	C:\Program Files\Java\jdk1.8.0_144\jre\bin\server\jvm.dll
0x00007ffab1690000 - 0x00007ffab1698000 	C:\Windows\System32\PSAPI.DLL
0x00007ffa9e130000 - 0x00007ffa9e139000 	C:\Windows\SYSTEM32\WSOCK32.dll
0x00007ffaae600000 - 0x00007ffaae623000 	C:\Windows\SYSTEM32\WINMM.dll
0x00007ffaad110000 - 0x00007ffaad11a000 	C:\Windows\SYSTEM32\VERSION.dll
0x00007ffab3d90000 - 0x00007ffab3dfa000 	C:\Windows\System32\WS2_32.dll
0x00000000024b0000 - 0x00000000024db000 	C:\Windows\SYSTEM32\WINMMBASE.dll
0x00007ffab0e80000 - 0x00007ffab0ec2000 	C:\Windows\System32\cfgmgr32.dll
0x000000006f2f0000 - 0x000000006f2ff000 	C:\Program Files\Java\jdk1.8.0_144\jre\bin\verify.dll
0x000000006f2c0000 - 0x000000006f2e9000 	C:\Program Files\Java\jdk1.8.0_144\jre\bin\java.dll
0x0000000067740000 - 0x000000006779a000 	C:\Users\agd\jvmtiStackTraceTest\jvmtiStackTrace2\StackTrace.dll
0x000000006f2a0000 - 0x000000006f2b6000 	C:\Program Files\Java\jdk1.8.0_144\jre\bin\zip.dll
0x00007ffab1ca0000 - 0x00007ffab31a8000 	C:\Windows\System32\SHELL32.dll
0x00007ffab0f80000 - 0x00007ffab165a000 	C:\Windows\System32\windows.storage.dll
0x00007ffab0610000 - 0x00007ffab065c000 	C:\Windows\System32\powrprof.dll
0x00007ffab4090000 - 0x00007ffab40e2000 	C:\Windows\System32\shlwapi.dll
0x00007ffab0600000 - 0x00007ffab060f000 	C:\Windows\System32\kernel.appcore.dll
0x00007ffab0ed0000 - 0x00007ffab0f79000 	C:\Windows\System32\shcore.dll
0x00007ffab0660000 - 0x00007ffab0674000 	C:\Windows\System32\profapi.dll
0x00007ffa9df40000 - 0x00007ffa9e0d2000 	C:\Windows\SYSTEM32\dbghelp.dll

VM Arguments:
jvm_args: -agentpath:C:/Users/agd/jvmtiStackTraceTest/jvmtiStackTrace2/StackTrace.dll 
java_command: StackTrace
java_class_path (initial): .
Launcher Type: SUN_STANDARD

Environment Variables:
PATH=C:\cygwin64\usr\local\bin;C:\cygwin64\bin;C:\Windows\system32;C:\Windows;C:\Windows\System32\Wbem;C:\Windows\System32\WindowsPowerShell\v1.0;C:\Windows\SysWOW64\Empirum;C:\Program Files\Intel\WiFi\bin;C:\Program Files\Common Files\Intel\WirelessCommon;C:\Program Files (x86)\NVIDIA Corporation\PhysX\Common;%SPRING_HOME%\bin;C:\Program Files\Git\cmd;C:\Program Files\Java\jdk1.8.0_144\bin;C:\Program Files\TortoiseSVN\bin;C:\cygwin64\bin;C:\Program Files (x86)\mingw-w64\i686-7.2.0-posix-dwarf-rt_v5-rev1\mingw32\bin;C:\Users\agd\AppData\Local\Microsoft\WindowsApps;C:\Program Files\Intel\WiFi\bin;C:\Program Files\Common Files\Intel\WirelessCommon;C:\Users\agd\apache-maven\apache-maven-3.5.0\bin;C:\Users\agd\Downloads\spring-1.5.6.RELEASE\bin;C:\Program Files (x86)\Sophos\Sophos SSL VPN Client\bin
USERNAME=agd
SHELL=/bin/bash
OS=Windows_NT
PROCESSOR_IDENTIFIER=Intel64 Family 6 Model 94 Stepping 3, GenuineIntel



---------------  S Y S T E M  ---------------

OS: Windows 10.0 , 64 bit Build 14393 (10.0.14393.0)

CPU:total 8 (initial active 8) (4 cores per cpu, 2 threads per core) family 6 model 94 stepping 3, cmov, cx8, fxsr, mmx, sse, sse2, sse3, ssse3, sse4.1, sse4.2, popcnt, avx, avx2, aes, clmul, erms, rtm, 3dnowpref, lzcnt, ht, tsc, tscinvbit, bmi1, bmi2, adx

Memory: 4k page, physical 33368928k(23799964k free), swap 38349664k(25651644k free)

vm_info: Java HotSpot(TM) 64-Bit Server VM (25.144-b01) for windows-amd64 JRE (1.8.0_144-b01), built on Jul 21 2017 21:57:33 by "java_re" with MS VC++ 10.0 (VS2010)

time: Wed Feb 07 08:15:17 2018
elapsed time: 2 seconds (0d 0h 0m 2s)

